<?xml version="1.0" encoding="UTF-8"?>
<!-- Generated by org.testng.reporters.JUnitReportReporter -->
<testsuite hostname="DESKTOP-UNQGVJM" failures="0" tests="1" name="com.crm.sdet.campaign.CreateProductThenCampaign" time="56.289" errors="0" timestamp="2022-07-27T16:08:01 IST" skipped="0">
  <testcase classname="com.crm.sdet.campaign.CreateProductThenCampaign" name="createProductThenCampaign" time="56.289"/>
  <system-out/>
</testsuite> <!-- com.crm.sdet.campaign.CreateProductThenCampaign -->
