<?xml version="1.0" encoding="UTF-8"?>
<!-- Generated by org.testng.reporters.JUnitReportReporter -->
<testsuite hostname="DESKTOP-UNQGVJM" failures="0" tests="5" name="practice.TestNGTest" time="0.030" errors="0" timestamp="2022-08-03T13:08:18 IST" skipped="0">
  <testcase classname="practice.TestNGTest" name="createContact" time="0.016"/>
  <system-out/>
  <testcase classname="practice.TestNGTest" name="createContact" time="0.002"/>
  <system-out/>
  <testcase classname="practice.TestNGTest" name="createContact" time="0.006"/>
  <system-out/>
  <testcase classname="practice.TestNGTest" name="modifyContact" time="0.003"/>
  <system-out/>
  <testcase classname="practice.TestNGTest" name="deleteContact" time="0.003"/>
  <system-out/>
</testsuite> <!-- practice.TestNGTest -->
