<?xml version="1.0" encoding="UTF-8"?>
<!-- Generated by org.testng.reporters.JUnitReportReporter -->
<testsuite hostname="DESKTOP-UNQGVJM" failures="0" tests="1" name="com.crm.sdet.campaign.CreateCampaign" time="19.490" errors="0" timestamp="11 Aug 2022 07:10:58 GMT" skipped="0">
  <testcase classname="com.crm.sdet.campaign.CreateCampaign" name="createCampaign" time="19.490"/>
</testsuite> <!-- com.crm.sdet.campaign.CreateCampaign -->
