<?xml version="1.0" encoding="UTF-8"?>
<!-- Generated by org.testng.reporters.JUnitReportReporter -->
<testsuite hostname="DESKTOP-UNQGVJM" failures="0" tests="1" name="practice.VMParameterTest" time="0.014" errors="0" timestamp="11 Aug 2022 10:46:04 GMT" skipped="0">
  <testcase classname="practice.VMParameterTest" name="VMParameterTest" time="0.014"/>
</testsuite> <!-- practice.VMParameterTest -->
