<?xml version="1.0" encoding="UTF-8"?>
<!-- Generated by org.testng.reporters.JUnitReportReporter -->
<testsuite hostname="DESKTOP-UNQGVJM" failures="0" tests="5" name="allTests.AllTests" time="631.466" errors="0" timestamp="2022-08-06T03:10:59 IST" skipped="0">
  <testcase classname="allTests.AllTests" name="createProduct" time="119.391"/>
  <system-out/>
  <testcase classname="allTests.AllTests" name="createOrganization" time="105.661"/>
  <system-out/>
  <testcase classname="allTests.AllTests" name="createCampaignWithProduct" time="155.040"/>
  <system-out/>
  <testcase classname="allTests.AllTests" name="createCampaign" time="99.387"/>
  <system-out/>
  <testcase classname="allTests.AllTests" name="deleteProduct" time="151.987"/>
  <system-out/>
</testsuite> <!-- allTests.AllTests -->
