<?xml version="1.0" encoding="UTF-8"?>
<!-- Generated by org.testng.reporters.JUnitReportReporter -->
<testsuite hostname="DESKTOP-UNQGVJM" failures="0" tests="1" name="com.crm.sdet.organisation.CreateProductThenCampaign" time="78.934" errors="0" timestamp="2022-07-27T11:37:26 IST" skipped="0">
  <testcase classname="com.crm.sdet.organisation.CreateProductThenCampaign" name="createProductThenCampaign" time="78.934"/>
  <system-out/>
</testsuite> <!-- com.crm.sdet.organisation.CreateProductThenCampaign -->
