<?xml version="1.0" encoding="UTF-8"?>
<!-- Generated by org.testng.reporters.JUnitReportReporter -->
<testsuite hostname="DESKTOP-UNQGVJM" failures="0" tests="1" name="com.crm.sdet.organisation.CreateProduct" time="30.528" errors="0" timestamp="2022-07-26T15:51:40 IST" skipped="0">
  <testcase classname="com.crm.sdet.organisation.CreateProduct" name="createProduct" time="30.528"/>
  <system-out/>
</testsuite> <!-- com.crm.sdet.organisation.CreateProduct -->
