<?xml version="1.0" encoding="UTF-8"?>
<!-- Generated by org.testng.reporters.JUnitReportReporter -->
<testsuite hostname="DESKTOP-UNQGVJM" failures="0" tests="6" name="practice.TestDataProvider" time="0.042" errors="0" timestamp="2022-08-03T15:12:40 IST" skipped="0">
  <testcase classname="practice.TestDataProvider" name="testDP2" time="0.003"/>
  <system-out/>
  <testcase classname="practice.TestDataProvider" name="testDP2" time="0.007"/>
  <system-out/>
  <testcase classname="practice.TestDataProvider" name="testDP1" time="0.003"/>
  <system-out/>
  <testcase classname="practice.TestDataProvider" name="testDP2" time="0.010"/>
  <system-out/>
  <testcase classname="practice.TestDataProvider" name="testDP1" time="0.015"/>
  <system-out/>
  <testcase classname="practice.TestDataProvider" name="testDP1" time="0.004"/>
  <system-out/>
</testsuite> <!-- practice.TestDataProvider -->
