<?xml version="1.0" encoding="UTF-8"?>
<!-- Generated by org.testng.reporters.JUnitReportReporter -->
<testsuite hostname="DESKTOP-UNQGVJM" failures="0" tests="1" name="practice.WebTableHandling" time="4.943" errors="0" timestamp="2022-08-02T15:54:19 IST" skipped="0">
  <testcase classname="practice.WebTableHandling" name="handle_Web_Table" time="4.943"/>
  <system-out/>
</testsuite> <!-- practice.WebTableHandling -->
