<?xml version="1.0" encoding="UTF-8"?>
<!-- Generated by org.testng.reporters.JUnitReportReporter -->
<testsuite hostname="DESKTOP-UNQGVJM" failures="0" tests="1" name="practice.Demo" time="0.002" errors="0" timestamp="2022-08-08T13:06:08 IST" skipped="0">
  <testcase classname="practice.Demo" name="method" time="0.002"/>
  <system-out/>
</testsuite> <!-- practice.Demo -->
