<?xml version="1.0" encoding="UTF-8"?>
<!-- Generated by org.testng.reporters.JUnitReportReporter -->
<testsuite hostname="DESKTOP-UNQGVJM" failures="0" tests="1" name="practice.PracticeTests" time="81.866" errors="0" timestamp="2022-08-02T15:15:06 IST" skipped="0">
  <testcase classname="practice.PracticeTests" name="calendar_Popup_Test" time="81.866"/>
  <system-out/>
</testsuite> <!-- practice.PracticeTests -->
