<?xml version="1.0" encoding="UTF-8"?>
<!-- Generated by org.testng.reporters.JUnitReportReporter -->
<testsuite hostname="DESKTOP-UNQGVJM" failures="0" tests="1" name="practice.Practice" time="0.015" errors="0" timestamp="2022-08-08T13:06:08 IST" skipped="0">
  <testcase classname="practice.Practice" name="method1" time="0.015"/>
  <system-out/>
</testsuite> <!-- practice.Practice -->
