<?xml version="1.0" encoding="UTF-8"?>
<!-- Generated by org.testng.reporters.JUnitReportReporter -->
<testsuite hostname="DESKTOP-UNQGVJM" failures="0" tests="1" name="com.crm.sdet.organisation.CreateCampaign" time="42.296" errors="0" timestamp="2022-07-26T16:40:35 IST" skipped="0">
  <testcase classname="com.crm.sdet.organisation.CreateCampaign" name="createCampaign" time="42.296"/>
  <system-out/>
</testsuite> <!-- com.crm.sdet.organisation.CreateCampaign -->
