<?xml version="1.0" encoding="UTF-8"?>
<!-- Generated by org.testng.reporters.JUnitReportReporter -->
<testsuite skipped="0" hostname="DESKTOP-UNQGVJM" name="com.crm.sdet.campaign.CreateCampaign" tests="1" failures="0" timestamp="12 Aug 2022 07:43:59 GMT" time="43.817" errors="0">
  <testcase name="createCampaign" time="43.817" classname="com.crm.sdet.campaign.CreateCampaign"/>
</testsuite> <!-- com.crm.sdet.campaign.CreateCampaign -->
