<?xml version="1.0" encoding="UTF-8"?>
<!-- Generated by org.testng.reporters.JUnitReportReporter -->
<testsuite skipped="0" hostname="DESKTOP-UNQGVJM" name="com.crm.sdet.campaign.CreateCampaignWithProduct" tests="1" failures="0" timestamp="11 Aug 2022 07:25:43 GMT" time="39.973" errors="0">
  <testcase name="createCampaignWithProduct" time="39.973" classname="com.crm.sdet.campaign.CreateCampaignWithProduct"/>
</testsuite> <!-- com.crm.sdet.campaign.CreateCampaignWithProduct -->
