<?xml version="1.0" encoding="UTF-8"?>
<!-- Generated by org.testng.reporters.JUnitReportReporter -->
<testsuite skipped="0" hostname="DESKTOP-UNQGVJM" name="com.crm.sdet.campaign.CreateCampaignWithProduct" tests="1" failures="0" timestamp="12 Aug 2022 07:43:59 GMT" time="45.366" errors="0">
  <testcase name="createCampaignWithProduct" time="45.366" classname="com.crm.sdet.campaign.CreateCampaignWithProduct"/>
</testsuite> <!-- com.crm.sdet.campaign.CreateCampaignWithProduct -->
