<?xml version="1.0" encoding="UTF-8"?>
<!-- Generated by org.testng.reporters.JUnitReportReporter -->
<testsuite skipped="0" hostname="DESKTOP-UNQGVJM" name="com.crm.sdet.product.CreateProduct" tests="1" failures="0" timestamp="11 Aug 2022 10:30:47 GMT" time="22.560" errors="0">
  <testcase name="createProduct" time="22.560" classname="com.crm.sdet.product.CreateProduct"/>
</testsuite> <!-- com.crm.sdet.product.CreateProduct -->
