<?xml version="1.0" encoding="UTF-8"?>
<!-- Generated by org.testng.reporters.JUnitReportReporter -->
<testsuite skipped="0" hostname="DESKTOP-UNQGVJM" name="com.crm.sdet.organisation.CreateOrganization" tests="1" failures="0" timestamp="11 Aug 2022 07:25:43 GMT" time="48.111" errors="0">
  <testcase name="createOrganization" time="48.111" classname="com.crm.sdet.organisation.CreateOrganization"/>
</testsuite> <!-- com.crm.sdet.organisation.CreateOrganization -->
