<?xml version="1.0" encoding="UTF-8"?>
<!-- Generated by org.testng.reporters.JUnitReportReporter -->
<testsuite skipped="0" hostname="DESKTOP-UNQGVJM" name="com.crm.sdet.product.DeleteProduct" tests="1" failures="0" timestamp="11 Aug 2022 07:25:43 GMT" time="53.834" errors="0">
  <testcase name="deleteProduct" time="53.834" classname="com.crm.sdet.product.DeleteProduct"/>
</testsuite> <!-- com.crm.sdet.product.DeleteProduct -->
