<?xml version="1.0" encoding="UTF-8"?>
<!-- Generated by org.testng.reporters.JUnitReportReporter -->
<testsuite skipped="0" hostname="DESKTOP-UNQGVJM" name="com.crm.sdet.campaign.CreateCampaignWithProduct" tests="1" failures="0" timestamp="11 Aug 2022 10:30:47 GMT" time="42.682" errors="0">
  <testcase name="createCampaignWithProduct" time="42.682" classname="com.crm.sdet.campaign.CreateCampaignWithProduct"/>
</testsuite> <!-- com.crm.sdet.campaign.CreateCampaignWithProduct -->
